Using pre-set license
Built from '2020.3/staging' branch; Version is '2020.3.4f1 (0abb6314276a) revision 703331'; Using compiler version '192528614'; Build Type 'Release'
OS: 'Windows 10 Pro; OS build 19042.867; Version 2009; 64bit' Language: 'en' Physical Memory: 16331 MB
BatchMode: 1, IsHumanControllingUs: 0, StartBugReporterOnCrash: 0, Is64bit: 1, IsPro: 0

 COMMAND LINE ARGUMENTS:
C:\Program Files\Unity\Hub\Editor\2020.3.4f1\Editor\Unity.exe
-adb2
-batchMode
-noUpm
-name
AssetImportWorker1
-projectPath
C:/github/Unity-Adventures/Ollie/New Unity Project
-logFile
Logs/AssetImportWorker1.log
-srvPort
50638
Successfully changed project path to: C:/github/Unity-Adventures/Ollie/New Unity Project
C:/github/Unity-Adventures/Ollie/New Unity Project
Using Asset Import Pipeline V2.
Refreshing native plugins compatible for Editor in 20.35 ms, found 0 plugins.
Preloading 0 native plugins for Editor in 0.00 ms.
Initialize engine version: 2020.3.4f1 (0abb6314276a)
[Subsystems] Discovering subsystems at path C:/Program Files/Unity/Hub/Editor/2020.3.4f1/Editor/Data/Resources/UnitySubsystems
[Subsystems] Discovering subsystems at path C:/github/Unity-Adventures/Ollie/New Unity Project/Assets
GfxDevice: creating device client; threaded=0
Direct3D:
    Version:  Direct3D 11.0 [level 11.1]
    Renderer: NVIDIA GeForce GTX 1070 (ID=0x1b81)
    Vendor:   
    VRAM:     8088 MB
    Driver:   27.21.14.5671
Initialize mono
Mono path[0] = 'C:/Program Files/Unity/Hub/Editor/2020.3.4f1/Editor/Data/Managed'
Mono path[1] = 'C:/Program Files/Unity/Hub/Editor/2020.3.4f1/Editor/Data/MonoBleedingEdge/lib/mono/unityjit'
Mono config path = 'C:/Program Files/Unity/Hub/Editor/2020.3.4f1/Editor/Data/MonoBleedingEdge/etc'
Using monoOptions --debugger-agent=transport=dt_socket,embedding=1,server=y,suspend=n,address=127.0.0.1:56408
Begin MonoManager ReloadAssembly
Registering precompiled unity dll's ...
Register platform support module: C:/Program Files/Unity/Hub/Editor/2020.3.4f1/Editor/Data/PlaybackEngines/WebGLSupport/UnityEditor.WebGL.Extensions.dll
Register platform support module: C:/Program Files/Unity/Hub/Editor/2020.3.4f1/Editor/Data/PlaybackEngines/WindowsStandaloneSupport/UnityEditor.WindowsStandalone.Extensions.dll
Registered in 0.002023 seconds.
Native extension for WindowsStandalone target not found
Native extension for WebGL target not found
Refreshing native plugins compatible for Editor in 25.92 ms, found 0 plugins.
Preloading 0 native plugins for Editor in 0.00 ms.
Mono: successfully reloaded assembly
- Completed reload, in  1.644 seconds
Platform modules already initialized, skipping
Registering precompiled user dll's ...
Registered in 0.000682 seconds.
Begin MonoManager ReloadAssembly
Native extension for WindowsStandalone target not found
Native extension for WebGL target not found
Refreshing native plugins compatible for Editor in 0.20 ms, found 0 plugins.
Preloading 0 native plugins for Editor in 0.00 ms.
Mono: successfully reloaded assembly
- Completed reload, in  0.695 seconds
Platform modules already initialized, skipping
========================================================================
Worker process is ready to serve import requests
Launched and connected shader compiler UnityShaderCompiler.exe after 0.05 seconds
Refreshing native plugins compatible for Editor in 0.22 ms, found 0 plugins.
Preloading 0 native plugins for Editor in 0.00 ms.
Unloading 1123 Unused Serialized files (Serialized files now loaded: 0)
System memory in use before: 57.7 MB.
System memory in use after: 57.7 MB.

Unloading 10 unused Assets to reduce memory usage. Loaded Objects now: 1567.
Total: 1.514600 ms (FindLiveObjects: 0.127100 ms CreateObjectMapping: 0.025800 ms MarkObjects: 1.295400 ms  DeleteObjects: 0.065500 ms)

========================================================================
Received Import Request.
  path: Assets/StandardTurretIcon_PSD.psd
  artifactKey: Guid(8fa1d6981543d884fa18e156b9da1861) Importer(815301076,1909f56bfc062723c751e8b465ee728b)
Start importing Assets/StandardTurretIcon_PSD.psd using Guid(8fa1d6981543d884fa18e156b9da1861) Importer(815301076,1909f56bfc062723c751e8b465ee728b)  -> (artifact id: '65c545e0cfa7a2a89bcaff25bd18a565') in 0.059100 seconds
  Import took 0.060927 seconds .

========================================================================
Received Import Request.
  Time since last request: 10.346735 seconds.
  path: Assets/Sprites
  artifactKey: Guid(923080990fa8adb4eb26becb12be0c8a) Importer(815301076,1909f56bfc062723c751e8b465ee728b)
Start importing Assets/Sprites using Guid(923080990fa8adb4eb26becb12be0c8a) Importer(815301076,1909f56bfc062723c751e8b465ee728b)  -> (artifact id: '20aa6964e994dfdaf2e6cee1c7b21e9a') in 0.005964 seconds
  Import took 0.007799 seconds .

========================================================================
Received Import Request.
  Time since last request: 67.802959 seconds.
  path: Assets/Sprites/StandardTurretIcon_PSD.psd
  artifactKey: Guid(8fa1d6981543d884fa18e156b9da1861) Importer(815301076,1909f56bfc062723c751e8b465ee728b)
Start importing Assets/Sprites/StandardTurretIcon_PSD.psd using Guid(8fa1d6981543d884fa18e156b9da1861) Importer(815301076,1909f56bfc062723c751e8b465ee728b)  -> (artifact id: '3750725a3ce00ec4495bc3d03ef557c7') in 0.040051 seconds
  Import took 0.042124 seconds .

========================================================================
Received Prepare
Registering precompiled user dll's ...
Registered in 0.000564 seconds.
Begin MonoManager ReloadAssembly
Native extension for WindowsStandalone target not found
Native extension for WebGL target not found
Refreshing native plugins compatible for Editor in 0.20 ms, found 0 plugins.
Preloading 0 native plugins for Editor in 0.00 ms.
Mono: successfully reloaded assembly
- Completed reload, in  0.646 seconds
Platform modules already initialized, skipping
Refreshing native plugins compatible for Editor in 0.21 ms, found 0 plugins.
Preloading 0 native plugins for Editor in 0.00 ms.
Unloading 1118 Unused Serialized files (Serialized files now loaded: 0)
System memory in use before: 60.7 MB.
System memory in use after: 60.8 MB.

Unloading 5 unused Assets to reduce memory usage. Loaded Objects now: 1576.
Total: 1.390700 ms (FindLiveObjects: 0.121300 ms CreateObjectMapping: 0.025700 ms MarkObjects: 1.202300 ms  DeleteObjects: 0.040600 ms)

========================================================================
Received Import Request.
  Time since last request: 301.799833 seconds.
  path: Assets/Prefabs/ShopTurretItem.prefab
  artifactKey: Guid(73f5edf3a897e954881bd667573a8431) Importer(815301076,1909f56bfc062723c751e8b465ee728b)
Start importing Assets/Prefabs/ShopTurretItem.prefab using Guid(73f5edf3a897e954881bd667573a8431) Importer(815301076,1909f56bfc062723c751e8b465ee728b)  -> (artifact id: '02122db90c8a31b6b708217997494581') in 0.042215 seconds
  Import took 0.044112 seconds .

========================================================================
Received Prepare
Registering precompiled user dll's ...
Registered in 0.000506 seconds.
Begin MonoManager ReloadAssembly
Native extension for WindowsStandalone target not found
Native extension for WebGL target not found
Refreshing native plugins compatible for Editor in 0.23 ms, found 0 plugins.
Preloading 0 native plugins for Editor in 0.00 ms.
Mono: successfully reloaded assembly
- Completed reload, in  0.656 seconds
Platform modules already initialized, skipping
Refreshing native plugins compatible for Editor in 0.22 ms, found 0 plugins.
Preloading 0 native plugins for Editor in 0.00 ms.
Unloading 1119 Unused Serialized files (Serialized files now loaded: 0)
System memory in use before: 60.8 MB.
System memory in use after: 60.9 MB.

Unloading 5 unused Assets to reduce memory usage. Loaded Objects now: 1582.
Total: 1.532400 ms (FindLiveObjects: 0.150200 ms CreateObjectMapping: 0.025300 ms MarkObjects: 1.304800 ms  DeleteObjects: 0.050600 ms)

========================================================================
Received Prepare
Registering precompiled user dll's ...
Registered in 0.000471 seconds.
Begin MonoManager ReloadAssembly
Native extension for WindowsStandalone target not found
Native extension for WebGL target not found
Refreshing native plugins compatible for Editor in 0.20 ms, found 0 plugins.
Preloading 0 native plugins for Editor in 0.00 ms.
Mono: successfully reloaded assembly
- Completed reload, in  0.649 seconds
Platform modules already initialized, skipping
Refreshing native plugins compatible for Editor in 0.21 ms, found 0 plugins.
Preloading 0 native plugins for Editor in 0.00 ms.
Unloading 1119 Unused Serialized files (Serialized files now loaded: 0)
System memory in use before: 60.8 MB.
System memory in use after: 60.9 MB.

Unloading 5 unused Assets to reduce memory usage. Loaded Objects now: 1585.
Total: 1.627500 ms (FindLiveObjects: 0.134600 ms CreateObjectMapping: 0.024500 ms MarkObjects: 1.418200 ms  DeleteObjects: 0.049000 ms)

========================================================================
Received Prepare
Registering precompiled user dll's ...
Registered in 0.000480 seconds.
Begin MonoManager ReloadAssembly
Native extension for WindowsStandalone target not found
Native extension for WebGL target not found
Refreshing native plugins compatible for Editor in 0.19 ms, found 0 plugins.
Preloading 0 native plugins for Editor in 0.00 ms.
Mono: successfully reloaded assembly
- Completed reload, in  0.634 seconds
Platform modules already initialized, skipping
Refreshing native plugins compatible for Editor in 0.22 ms, found 0 plugins.
Preloading 0 native plugins for Editor in 0.00 ms.
Unloading 1119 Unused Serialized files (Serialized files now loaded: 0)
System memory in use before: 60.9 MB.
System memory in use after: 60.9 MB.

Unloading 5 unused Assets to reduce memory usage. Loaded Objects now: 1588.
Total: 1.586200 ms (FindLiveObjects: 0.135700 ms CreateObjectMapping: 0.025300 ms MarkObjects: 1.380600 ms  DeleteObjects: 0.043600 ms)

========================================================================
Received Import Request.
  Time since last request: 126.938639 seconds.
  path: Assets/Scripts/Shop.cs
  artifactKey: Guid(25d3101a18c477a45aa562aedb2497d4) Importer(815301076,1909f56bfc062723c751e8b465ee728b)
Start importing Assets/Scripts/Shop.cs using Guid(25d3101a18c477a45aa562aedb2497d4) Importer(815301076,1909f56bfc062723c751e8b465ee728b)  -> (artifact id: '7b68d8c06b51c1e94a08a04908a48675') in 0.011448 seconds
  Import took 0.013110 seconds .

========================================================================
Received Prepare
Registering precompiled user dll's ...
Registered in 0.000497 seconds.
Begin MonoManager ReloadAssembly
Native extension for WindowsStandalone target not found
Native extension for WebGL target not found
Refreshing native plugins compatible for Editor in 0.20 ms, found 0 plugins.
Preloading 0 native plugins for Editor in 0.00 ms.
Mono: successfully reloaded assembly
- Completed reload, in  0.631 seconds
Platform modules already initialized, skipping
Refreshing native plugins compatible for Editor in 0.21 ms, found 0 plugins.
Preloading 0 native plugins for Editor in 0.00 ms.
Unloading 1119 Unused Serialized files (Serialized files now loaded: 0)
System memory in use before: 60.9 MB.
System memory in use after: 60.9 MB.

Unloading 5 unused Assets to reduce memory usage. Loaded Objects now: 1591.
Total: 1.629000 ms (FindLiveObjects: 0.134400 ms CreateObjectMapping: 0.025800 ms MarkObjects: 1.423600 ms  DeleteObjects: 0.044100 ms)

========================================================================
Received Prepare
Registering precompiled user dll's ...
Registered in 0.000536 seconds.
Begin MonoManager ReloadAssembly
Native extension for WindowsStandalone target not found
Native extension for WebGL target not found
Refreshing native plugins compatible for Editor in 0.21 ms, found 0 plugins.
Preloading 0 native plugins for Editor in 0.00 ms.
Mono: successfully reloaded assembly
- Completed reload, in  0.622 seconds
Platform modules already initialized, skipping
Refreshing native plugins compatible for Editor in 0.20 ms, found 0 plugins.
Preloading 0 native plugins for Editor in 0.00 ms.
Unloading 1119 Unused Serialized files (Serialized files now loaded: 0)
System memory in use before: 60.9 MB.
System memory in use after: 60.9 MB.

Unloading 5 unused Assets to reduce memory usage. Loaded Objects now: 1594.
Total: 1.650500 ms (FindLiveObjects: 0.137100 ms CreateObjectMapping: 0.025800 ms MarkObjects: 1.441400 ms  DeleteObjects: 0.045000 ms)

========================================================================
Received Prepare
Registering precompiled user dll's ...
Registered in 0.000468 seconds.
Begin MonoManager ReloadAssembly
Native extension for WindowsStandalone target not found
Native extension for WebGL target not found
Refreshing native plugins compatible for Editor in 0.20 ms, found 0 plugins.
Preloading 0 native plugins for Editor in 0.00 ms.
Mono: successfully reloaded assembly
- Completed reload, in  0.635 seconds
Platform modules already initialized, skipping
Refreshing native plugins compatible for Editor in 0.21 ms, found 0 plugins.
Preloading 0 native plugins for Editor in 0.00 ms.
Unloading 1119 Unused Serialized files (Serialized files now loaded: 0)
System memory in use before: 60.9 MB.
System memory in use after: 61.0 MB.

Unloading 5 unused Assets to reduce memory usage. Loaded Objects now: 1597.
Total: 1.675600 ms (FindLiveObjects: 0.133100 ms CreateObjectMapping: 0.025200 ms MarkObjects: 1.461900 ms  DeleteObjects: 0.054200 ms)

========================================================================
Received Prepare
Registering precompiled user dll's ...
Registered in 0.000547 seconds.
Begin MonoManager ReloadAssembly
Native extension for WindowsStandalone target not found
Native extension for WebGL target not found
Refreshing native plugins compatible for Editor in 0.20 ms, found 0 plugins.
Preloading 0 native plugins for Editor in 0.00 ms.
Mono: successfully reloaded assembly
- Completed reload, in  0.631 seconds
Platform modules already initialized, skipping
Refreshing native plugins compatible for Editor in 0.20 ms, found 0 plugins.
Preloading 0 native plugins for Editor in 0.00 ms.
Unloading 1119 Unused Serialized files (Serialized files now loaded: 0)
System memory in use before: 60.9 MB.
System memory in use after: 61.0 MB.

Unloading 5 unused Assets to reduce memory usage. Loaded Objects now: 1600.
Total: 1.734000 ms (FindLiveObjects: 0.135500 ms CreateObjectMapping: 0.025300 ms MarkObjects: 1.527600 ms  DeleteObjects: 0.044500 ms)

========================================================================
Received Prepare
Registering precompiled user dll's ...
Registered in 0.000601 seconds.
Begin MonoManager ReloadAssembly
Native extension for WindowsStandalone target not found
Native extension for WebGL target not found
Refreshing native plugins compatible for Editor in 0.20 ms, found 0 plugins.
Preloading 0 native plugins for Editor in 0.00 ms.
Mono: successfully reloaded assembly
- Completed reload, in  0.631 seconds
Platform modules already initialized, skipping
Refreshing native plugins compatible for Editor in 0.21 ms, found 0 plugins.
Preloading 0 native plugins for Editor in 0.00 ms.
Unloading 1119 Unused Serialized files (Serialized files now loaded: 0)
System memory in use before: 60.9 MB.
System memory in use after: 61.0 MB.

Unloading 5 unused Assets to reduce memory usage. Loaded Objects now: 1603.
Total: 1.674700 ms (FindLiveObjects: 0.143700 ms CreateObjectMapping: 0.026700 ms MarkObjects: 1.457200 ms  DeleteObjects: 0.046000 ms)

========================================================================
Received Import Request.
  Time since last request: 842.402724 seconds.
  path: Assets/Prefabs/AnotherTurret.prefab
  artifactKey: Guid(681251848fa62474c8e71730c424ee97) Importer(815301076,1909f56bfc062723c751e8b465ee728b)
Start importing Assets/Prefabs/AnotherTurret.prefab using Guid(681251848fa62474c8e71730c424ee97) Importer(815301076,1909f56bfc062723c751e8b465ee728b)  -> (artifact id: 'ef7dbaff6f58db9c09c1ef208dc2a819') in 0.058610 seconds
  Import took 0.060589 seconds .

========================================================================
Received Import Request.
  Time since last request: 16.502609 seconds.
  path: Assets/Prefabs/AnotherTurret.prefab
  artifactKey: Guid(681251848fa62474c8e71730c424ee97) Importer(815301076,1909f56bfc062723c751e8b465ee728b)
Start importing Assets/Prefabs/AnotherTurret.prefab using Guid(681251848fa62474c8e71730c424ee97) Importer(815301076,1909f56bfc062723c751e8b465ee728b)  -> (artifact id: '446feff2cda97d51efae52daa95f45e0') in 0.011973 seconds
  Import took 0.014307 seconds .

========================================================================
Received Import Request.
  Time since last request: 0.004235 seconds.
  path: Assets/Prefabs/AnotherTurret.prefab
  artifactKey: Guid(681251848fa62474c8e71730c424ee97) Importer(815301076,1909f56bfc062723c751e8b465ee728b)
Start importing Assets/Prefabs/AnotherTurret.prefab using Guid(681251848fa62474c8e71730c424ee97) Importer(815301076,1909f56bfc062723c751e8b465ee728b)  -> (artifact id: '446feff2cda97d51efae52daa95f45e0') in 0.012144 seconds
  Import took 0.014168 seconds .

========================================================================
Received Import Request.
  Time since last request: 1.173307 seconds.
  path: Assets/Prefabs/AnotherTurret.prefab
  artifactKey: Guid(681251848fa62474c8e71730c424ee97) Importer(815301076,1909f56bfc062723c751e8b465ee728b)
Start importing Assets/Prefabs/AnotherTurret.prefab using Guid(681251848fa62474c8e71730c424ee97) Importer(815301076,1909f56bfc062723c751e8b465ee728b)  -> (artifact id: '50e08d4f50d4275508988e403d7422d5') in 0.011587 seconds
  Import took 0.013624 seconds .

========================================================================
Received Import Request.
  Time since last request: 0.007052 seconds.
  path: Assets/Prefabs/AnotherTurret.prefab
  artifactKey: Guid(681251848fa62474c8e71730c424ee97) Importer(815301076,1909f56bfc062723c751e8b465ee728b)
Start importing Assets/Prefabs/AnotherTurret.prefab using Guid(681251848fa62474c8e71730c424ee97) Importer(815301076,1909f56bfc062723c751e8b465ee728b)  -> (artifact id: '50e08d4f50d4275508988e403d7422d5') in 0.012270 seconds
  Import took 0.014034 seconds .

========================================================================
Received Prepare
Registering precompiled user dll's ...
Registered in 0.000561 seconds.
Begin MonoManager ReloadAssembly
Native extension for WindowsStandalone target not found
Native extension for WebGL target not found
Refreshing native plugins compatible for Editor in 0.22 ms, found 0 plugins.
Preloading 0 native plugins for Editor in 0.00 ms.
Mono: successfully reloaded assembly
- Completed reload, in  0.666 seconds
Platform modules already initialized, skipping
Refreshing native plugins compatible for Editor in 0.22 ms, found 0 plugins.
Preloading 0 native plugins for Editor in 0.00 ms.
Unloading 1119 Unused Serialized files (Serialized files now loaded: 0)
System memory in use before: 61.0 MB.
System memory in use after: 61.1 MB.

Unloading 5 unused Assets to reduce memory usage. Loaded Objects now: 1612.
Total: 1.443500 ms (FindLiveObjects: 0.149700 ms CreateObjectMapping: 0.025800 ms MarkObjects: 1.225600 ms  DeleteObjects: 0.041300 ms)

========================================================================
Received Prepare
Registering precompiled user dll's ...
Registered in 0.000565 seconds.
Begin MonoManager ReloadAssembly
Native extension for WindowsStandalone target not found
Native extension for WebGL target not found
Refreshing native plugins compatible for Editor in 0.20 ms, found 0 plugins.
Preloading 0 native plugins for Editor in 0.00 ms.
Mono: successfully reloaded assembly
- Completed reload, in  0.665 seconds
Platform modules already initialized, skipping
Refreshing native plugins compatible for Editor in 0.21 ms, found 0 plugins.
Preloading 0 native plugins for Editor in 0.00 ms.
Unloading 1119 Unused Serialized files (Serialized files now loaded: 0)
System memory in use before: 61.0 MB.
System memory in use after: 61.1 MB.

Unloading 5 unused Assets to reduce memory usage. Loaded Objects now: 1615.
Total: 1.693600 ms (FindLiveObjects: 0.199100 ms CreateObjectMapping: 0.069900 ms MarkObjects: 1.368800 ms  DeleteObjects: 0.054300 ms)

AssetImportWorkerClient::OnTransportError - code=2 error=End of file
